[debug] [2020-08-12T17:19:45.140Z] ----------------------------------------------------------------------
[debug] [2020-08-12T17:19:45.142Z] Command:       /usr/local/bin/node /usr/local/bin/firebase deploy
[debug] [2020-08-12T17:19:45.143Z] CLI Version:   8.4.3
[debug] [2020-08-12T17:19:45.143Z] Platform:      darwin
[debug] [2020-08-12T17:19:45.143Z] Node Version:  v12.16.3
[debug] [2020-08-12T17:19:45.148Z] Time:          Wed Aug 12 2020 22:49:45 GMT+0530 (India Standard Time)
[debug] [2020-08-12T17:19:45.148Z] ----------------------------------------------------------------------
[debug] [2020-08-12T17:19:45.149Z] 
[debug] [2020-08-12T17:19:45.165Z] > command requires scopes: ["email","openid","https://www.googleapis.com/auth/cloudplatformprojects.readonly","https://www.googleapis.com/auth/firebase","https://www.googleapis.com/auth/cloud-platform"]
[debug] [2020-08-12T17:19:45.166Z] > authorizing via signed-in user
[debug] [2020-08-12T17:19:45.166Z] [iam] checking project velocity-x for permissions ["firebase.projects.get","firebasehosting.sites.update"]
[debug] [2020-08-12T17:19:45.175Z] >>> HTTP REQUEST POST https://cloudresourcemanager.googleapis.com/v1/projects/velocity-x:testIamPermissions  
 {"permissions":["firebase.projects.get","firebasehosting.sites.update"]}
[debug] [2020-08-12T17:19:46.827Z] <<< HTTP RESPONSE 200 {"content-type":"application/json; charset=UTF-8","vary":"X-Origin, Referer, Origin,Accept-Encoding","date":"Wed, 12 Aug 2020 17:19:46 GMT","server":"ESF","cache-control":"private","x-xss-protection":"0","x-frame-options":"SAMEORIGIN","x-content-type-options":"nosniff","server-timing":"gfet4t7; dur=1372","alt-svc":"h3-29=\":443\"; ma=2592000,h3-27=\":443\"; ma=2592000,h3-T050=\":443\"; ma=2592000,h3-Q050=\":443\"; ma=2592000,h3-Q046=\":443\"; ma=2592000,h3-Q043=\":443\"; ma=2592000,quic=\":443\"; ma=2592000; v=\"46,43\"","accept-ranges":"none","transfer-encoding":"chunked"}
[debug] [2020-08-12T17:19:46.829Z] >>> HTTP REQUEST GET https://firebase.googleapis.com/v1beta1/projects/velocity-x  
 
[debug] [2020-08-12T17:19:47.309Z] <<< HTTP RESPONSE 200 {"content-type":"application/json; charset=UTF-8","vary":"X-Origin, Referer, Origin,Accept-Encoding","date":"Wed, 12 Aug 2020 17:19:47 GMT","server":"ESF","cache-control":"private","x-xss-protection":"0","x-frame-options":"SAMEORIGIN","x-content-type-options":"nosniff","alt-svc":"h3-29=\":443\"; ma=2592000,h3-27=\":443\"; ma=2592000,h3-T050=\":443\"; ma=2592000,h3-Q050=\":443\"; ma=2592000,h3-Q046=\":443\"; ma=2592000,h3-Q043=\":443\"; ma=2592000,quic=\":443\"; ma=2592000; v=\"46,43\"","accept-ranges":"none","transfer-encoding":"chunked"}
[info] 
[info] === Deploying to 'velocity-x'...
[info] 
[info] i  deploying hosting 
[debug] [2020-08-12T17:19:47.313Z] >>> HTTP REQUEST POST https://firebasehosting.googleapis.com/v1beta1/sites/velocity-x/versions  
 {"config":{"rewrites":[{"glob":"**","path":"/index.html"}]},"labels":{"deployment-tool":"cli-firebase"}}
[debug] [2020-08-12T17:19:49.284Z] <<< HTTP RESPONSE 200 {"content-type":"application/json; charset=UTF-8","vary":"X-Origin, Referer, Origin,Accept-Encoding","date":"Wed, 12 Aug 2020 17:19:49 GMT","server":"ESF","cache-control":"private","x-xss-protection":"0","x-frame-options":"SAMEORIGIN","x-content-type-options":"nosniff","alt-svc":"h3-29=\":443\"; ma=2592000,h3-27=\":443\"; ma=2592000,h3-T050=\":443\"; ma=2592000,h3-Q050=\":443\"; ma=2592000,h3-Q046=\":443\"; ma=2592000,h3-Q043=\":443\"; ma=2592000,quic=\":443\"; ma=2592000; v=\"46,43\"","accept-ranges":"none","transfer-encoding":"chunked"}
[info] i  hosting[velocity-x]: beginning deploy... 
[info] i  hosting[velocity-x]: found 65 files in build 
[debug] [2020-08-12T17:19:49.542Z] [hosting] hash cache [YnVpbGQ] stored for 65 files
[debug] [2020-08-12T17:19:49.542Z] [hosting][hash queue][FINAL] {"max":216,"min":20,"avg":36.70769230769233,"active":0,"complete":65,"success":65,"errored":0,"retried":0,"total":65,"elapsed":234}
[debug] [2020-08-12T17:19:49.543Z] >>> HTTP REQUEST POST https://firebasehosting.googleapis.com/v1beta1/sites/velocity-x/versions/467d3fff0ca659e2:populateFiles  
 <request body omitted>
[debug] [2020-08-12T17:19:51.433Z] <<< HTTP RESPONSE 200 {"content-type":"application/json; charset=UTF-8","vary":"X-Origin, Referer, Origin,Accept-Encoding","date":"Wed, 12 Aug 2020 17:19:51 GMT","server":"ESF","cache-control":"private","x-xss-protection":"0","x-frame-options":"SAMEORIGIN","x-content-type-options":"nosniff","alt-svc":"h3-29=\":443\"; ma=2592000,h3-27=\":443\"; ma=2592000,h3-T050=\":443\"; ma=2592000,h3-Q050=\":443\"; ma=2592000,h3-Q046=\":443\"; ma=2592000,h3-Q043=\":443\"; ma=2592000,quic=\":443\"; ma=2592000; v=\"46,43\"","accept-ranges":"none","transfer-encoding":"chunked"}
[debug] [2020-08-12T17:19:51.447Z] [hosting][populate queue][FINAL] {"max":1895,"min":1895,"avg":1895,"active":0,"complete":1,"success":1,"errored":0,"retried":0,"total":1,"elapsed":1907}
[debug] [2020-08-12T17:19:51.447Z] [hosting] uploads queued: 21
